[11 nov 2018 20:31:19] Building database metadata model
[11 nov 2018 20:31:19] Properties: {partialRefresh=false, processColumnsUsingSelect=, includePrimaryKeys=true, eventSocketClient=com.webratio.commons.net.EventSocketClient@20547840, includeTables=true, username=root, outputLogPath=C:\Users\wrgui\Documents\GitHub\gsmworld\.Temp~\DB.xml.log, readIndexes=null, driverClass=com.mysql.jdbc.Driver, includeSynonyms=true, metaDataProviderClass=com.webratio.commons.db.metadata.MySQLMetaDataProvider, outputPath=C:\Users\wrgui\Documents\GitHub\gsmworld\.Temp~\DB.xml, schemaRegex=null, readProcedures=null, includeViews=true, derby.system.home=C:\Users\wrgui\Documents\GitHub\.metadata\.plugins\com.webratio.commons.db\derby, url=jdbc:mysql://localhost:3306/gsmworld, tableRegex=null, readSQLDefinitions=true, includeForeignKeys=true, retrieveAllNames=false, tablesToRefresh=, eventSocketPort=60690}
[11 nov 2018 20:31:19] URL: jdbc:mysql://localhost:3306/gsmworld
[11 nov 2018 20:31:19] Product name: MySQL
[11 nov 2018 20:31:19] Product version: 5.7.23-log
[11 nov 2018 20:31:19] Driver name: MySQL Connector Java
[11 nov 2018 20:31:19] Driver version: mysql-connector-java-5.1.31 ( Revision: alexander.soklakov@oracle.com-20140520065950-groqzzbvxprqdmnz )
[11 nov 2018 20:31:19] Driver major version: 5
[11 nov 2018 20:31:19] Driver minor version: 1
[11 nov 2018 20:31:19] Identifier quote string: 1
[11 nov 2018 20:31:19] Retrieving schemas
[11 nov 2018 20:31:19] Retrieving [TABLE, VIEW, SYNONYM] for schema ''
[11 nov 2018 20:31:19]   Found 'color' [type = TABLE]
[11 nov 2018 20:31:19]   Found 'comment' [type = TABLE]
[11 nov 2018 20:31:19]   Found 'group' [type = TABLE]
[11 nov 2018 20:31:19]   Found 'group_module' [type = TABLE]
[11 nov 2018 20:31:19]   Found 'maker' [type = TABLE]
[11 nov 2018 20:31:19]   Found 'model' [type = TABLE]
[11 nov 2018 20:31:19]   Found 'module' [type = TABLE]
[11 nov 2018 20:31:19]   Found 'os' [type = TABLE]
[11 nov 2018 20:31:19]   Found 'ram' [type = TABLE]
[11 nov 2018 20:31:19]   Found 'rom' [type = TABLE]
[11 nov 2018 20:31:19]   Found 'screen' [type = TABLE]
[11 nov 2018 20:31:19]   Found 'user' [type = TABLE]
[11 nov 2018 20:31:19]   Found 'user_group' [type = TABLE]
[11 nov 2018 20:31:19] Retrieving columns for 'color' [type = TABLE]
[11 nov 2018 20:31:19]   Found column: oid [type = INT][SQL/XOPEN type = 4][size = 10][dec. digits = 0]
[11 nov 2018 20:31:19]   Found column: name [type = VARCHAR][SQL/XOPEN type = 12][size = 255][dec. digits = 0]
[11 nov 2018 20:31:19] Retrieving primary keys for 'color' [type = TABLE]
[11 nov 2018 20:31:19]   Found primary key column: oid
[11 nov 2018 20:31:19] Retrieving columns for 'comment' [type = TABLE]
[11 nov 2018 20:31:19]   Found column: oid [type = INT][SQL/XOPEN type = 4][size = 10][dec. digits = 0]
[11 nov 2018 20:31:19]   Found column: comment [type = LONGTEXT][SQL/XOPEN type = -1][size = 2147483647][dec. digits = 0]
[11 nov 2018 20:31:19]   Found column: model_oid [type = INT][SQL/XOPEN type = 4][size = 10][dec. digits = 0]
[11 nov 2018 20:31:19]   Found column: user_oid [type = INT][SQL/XOPEN type = 4][size = 10][dec. digits = 0]
[11 nov 2018 20:31:19] Retrieving primary keys for 'comment' [type = TABLE]
[11 nov 2018 20:31:19]   Found primary key column: oid
[11 nov 2018 20:31:19] Retrieving columns for 'group' [type = TABLE]
[11 nov 2018 20:31:19]   Found column: oid [type = INT][SQL/XOPEN type = 4][size = 10][dec. digits = 0]
[11 nov 2018 20:31:19]   Found column: groupname [type = VARCHAR][SQL/XOPEN type = 12][size = 255][dec. digits = 0]
[11 nov 2018 20:31:19]   Found column: module_oid [type = INT][SQL/XOPEN type = 4][size = 10][dec. digits = 0]
[11 nov 2018 20:31:19] Retrieving primary keys for 'group' [type = TABLE]
[11 nov 2018 20:31:19]   Found primary key column: oid
[11 nov 2018 20:31:19] Retrieving columns for 'group_module' [type = TABLE]
[11 nov 2018 20:31:19]   Found column: group_oid [type = INT][SQL/XOPEN type = 4][size = 10][dec. digits = 0]
[11 nov 2018 20:31:19]   Found column: module_oid [type = INT][SQL/XOPEN type = 4][size = 10][dec. digits = 0]
[11 nov 2018 20:31:19] Retrieving primary keys for 'group_module' [type = TABLE]
[11 nov 2018 20:31:19]   Found primary key column: group_oid
[11 nov 2018 20:31:19]   Found primary key column: module_oid
[11 nov 2018 20:31:19] Retrieving columns for 'maker' [type = TABLE]
[11 nov 2018 20:31:19]   Found column: oid [type = INT][SQL/XOPEN type = 4][size = 10][dec. digits = 0]
[11 nov 2018 20:31:19]   Found column: name [type = VARCHAR][SQL/XOPEN type = 12][size = 255][dec. digits = 0]
[11 nov 2018 20:31:19]   Found column: origin [type = VARCHAR][SQL/XOPEN type = 12][size = 255][dec. digits = 0]
[11 nov 2018 20:31:19]   Found column: created [type = LONGTEXT][SQL/XOPEN type = -1][size = 2147483647][dec. digits = 0]
[11 nov 2018 20:31:19]   Found column: website [type = VARCHAR][SQL/XOPEN type = 12][size = 255][dec. digits = 0]
[11 nov 2018 20:31:19]   Found column: address [type = VARCHAR][SQL/XOPEN type = 12][size = 255][dec. digits = 0]
[11 nov 2018 20:31:19] Retrieving primary keys for 'maker' [type = TABLE]
[11 nov 2018 20:31:19]   Found primary key column: oid
[11 nov 2018 20:31:19] Retrieving columns for 'model' [type = TABLE]
[11 nov 2018 20:31:19]   Found column: oid [type = INT][SQL/XOPEN type = 4][size = 10][dec. digits = 0]
[11 nov 2018 20:31:19]   Found column: name [type = VARCHAR][SQL/XOPEN type = 12][size = 255][dec. digits = 0]
[11 nov 2018 20:31:19]   Found column: price [type = VARCHAR][SQL/XOPEN type = 12][size = 255][dec. digits = 0]
[11 nov 2018 20:31:19]   Found column: release_date [type = VARCHAR][SQL/XOPEN type = 12][size = 255][dec. digits = 0]
[11 nov 2018 20:31:19]   Found column: weight [type = VARCHAR][SQL/XOPEN type = 12][size = 255][dec. digits = 0]
[11 nov 2018 20:31:19]   Found column: sim [type = VARCHAR][SQL/XOPEN type = 12][size = 255][dec. digits = 0]
[11 nov 2018 20:31:19]   Found column: main_camera [type = VARCHAR][SQL/XOPEN type = 12][size = 255][dec. digits = 0]
[11 nov 2018 20:31:19]   Found column: secondary_camera [type = VARCHAR][SQL/XOPEN type = 12][size = 255][dec. digits = 0]
[11 nov 2018 20:31:19]   Found column: battery [type = VARCHAR][SQL/XOPEN type = 12][size = 255][dec. digits = 0]
[11 nov 2018 20:31:19]   Found column: imgurl [type = VARCHAR][SQL/XOPEN type = 12][size = 255][dec. digits = 0]
[11 nov 2018 20:31:19]   Found column: cardslot [type = VARCHAR][SQL/XOPEN type = 12][size = 255][dec. digits = 0]
[11 nov 2018 20:31:19]   Found column: cpu [type = VARCHAR][SQL/XOPEN type = 12][size = 255][dec. digits = 0]
[11 nov 2018 20:31:19]   Found column: rom_oid_2 [type = INT][SQL/XOPEN type = 4][size = 10][dec. digits = 0]
[11 nov 2018 20:31:19]   Found column: ram_oid_2 [type = INT][SQL/XOPEN type = 4][size = 10][dec. digits = 0]
[11 nov 2018 20:31:19]   Found column: color_oid_2 [type = INT][SQL/XOPEN type = 4][size = 10][dec. digits = 0]
[11 nov 2018 20:31:19]   Found column: maker_oid_2 [type = INT][SQL/XOPEN type = 4][size = 10][dec. digits = 0]
[11 nov 2018 20:31:19]   Found column: screen_oid_2 [type = INT][SQL/XOPEN type = 4][size = 10][dec. digits = 0]
[11 nov 2018 20:31:19]   Found column: os_oid_2 [type = INT][SQL/XOPEN type = 4][size = 10][dec. digits = 0]
[11 nov 2018 20:31:19]   Found column: user_oid [type = INT][SQL/XOPEN type = 4][size = 10][dec. digits = 0]
[11 nov 2018 20:31:19] Retrieving primary keys for 'model' [type = TABLE]
[11 nov 2018 20:31:19]   Found primary key column: oid
[11 nov 2018 20:31:19] Retrieving columns for 'module' [type = TABLE]
[11 nov 2018 20:31:19]   Found column: oid [type = INT][SQL/XOPEN type = 4][size = 10][dec. digits = 0]
[11 nov 2018 20:31:19]   Found column: moduleid [type = VARCHAR][SQL/XOPEN type = 12][size = 255][dec. digits = 0]
[11 nov 2018 20:31:19]   Found column: modulename [type = VARCHAR][SQL/XOPEN type = 12][size = 255][dec. digits = 0]
[11 nov 2018 20:31:19] Retrieving primary keys for 'module' [type = TABLE]
[11 nov 2018 20:31:19]   Found primary key column: oid
[11 nov 2018 20:31:19] Retrieving columns for 'os' [type = TABLE]
[11 nov 2018 20:31:19]   Found column: oid [type = INT][SQL/XOPEN type = 4][size = 10][dec. digits = 0]
[11 nov 2018 20:31:19]   Found column: nameandversion [type = VARCHAR][SQL/XOPEN type = 12][size = 255][dec. digits = 0]
[11 nov 2018 20:31:19] Retrieving primary keys for 'os' [type = TABLE]
[11 nov 2018 20:31:19]   Found primary key column: oid
[11 nov 2018 20:31:19] Retrieving columns for 'ram' [type = TABLE]
[11 nov 2018 20:31:19]   Found column: oid [type = INT][SQL/XOPEN type = 4][size = 10][dec. digits = 0]
[11 nov 2018 20:31:19]   Found column: cuantity [type = VARCHAR][SQL/XOPEN type = 12][size = 255][dec. digits = 0]
[11 nov 2018 20:31:19] Retrieving primary keys for 'ram' [type = TABLE]
[11 nov 2018 20:31:19]   Found primary key column: oid
[11 nov 2018 20:31:19] Retrieving columns for 'rom' [type = TABLE]
[11 nov 2018 20:31:19]   Found column: oid [type = INT][SQL/XOPEN type = 4][size = 10][dec. digits = 0]
[11 nov 2018 20:31:19]   Found column: cuantity [type = VARCHAR][SQL/XOPEN type = 12][size = 255][dec. digits = 0]
[11 nov 2018 20:31:19] Retrieving primary keys for 'rom' [type = TABLE]
[11 nov 2018 20:31:19]   Found primary key column: oid
[11 nov 2018 20:31:19] Retrieving columns for 'screen' [type = TABLE]
[11 nov 2018 20:31:19]   Found column: oid [type = INT][SQL/XOPEN type = 4][size = 10][dec. digits = 0]
[11 nov 2018 20:31:19]   Found column: resolution [type = VARCHAR][SQL/XOPEN type = 12][size = 255][dec. digits = 0]
[11 nov 2018 20:31:19]   Found column: size [type = VARCHAR][SQL/XOPEN type = 12][size = 255][dec. digits = 0]
[11 nov 2018 20:31:19] Retrieving primary keys for 'screen' [type = TABLE]
[11 nov 2018 20:31:19]   Found primary key column: oid
[11 nov 2018 20:31:19] Retrieving columns for 'user' [type = TABLE]
[11 nov 2018 20:31:19]   Found column: oid [type = INT][SQL/XOPEN type = 4][size = 10][dec. digits = 0]
[11 nov 2018 20:31:19]   Found column: username [type = VARCHAR][SQL/XOPEN type = 12][size = 255][dec. digits = 0]
[11 nov 2018 20:31:19]   Found column: password [type = VARCHAR][SQL/XOPEN type = 12][size = 255][dec. digits = 0]
[11 nov 2018 20:31:19]   Found column: email [type = VARCHAR][SQL/XOPEN type = 12][size = 255][dec. digits = 0]
[11 nov 2018 20:31:19]   Found column: group_oid [type = INT][SQL/XOPEN type = 4][size = 10][dec. digits = 0]
[11 nov 2018 20:31:19] Retrieving primary keys for 'user' [type = TABLE]
[11 nov 2018 20:31:19]   Found primary key column: oid
[11 nov 2018 20:31:19] Retrieving columns for 'user_group' [type = TABLE]
[11 nov 2018 20:31:19]   Found column: user_oid [type = INT][SQL/XOPEN type = 4][size = 10][dec. digits = 0]
[11 nov 2018 20:31:19]   Found column: group_oid [type = INT][SQL/XOPEN type = 4][size = 10][dec. digits = 0]
[11 nov 2018 20:31:19] Retrieving primary keys for 'user_group' [type = TABLE]
[11 nov 2018 20:31:19]   Found primary key column: user_oid
[11 nov 2018 20:31:19]   Found primary key column: group_oid
[11 nov 2018 20:31:19] Retrieving foreign keys for 'color' [type = TABLE]
[11 nov 2018 20:31:19] Retrieving foreign keys for 'comment' [type = TABLE]
[11 nov 2018 20:31:19]   Found foreign key: column model_oid references model(oid)
[11 nov 2018 20:31:19]   Found foreign key: column user_oid references user(oid)
[11 nov 2018 20:31:19] Retrieving foreign keys for 'group' [type = TABLE]
[11 nov 2018 20:31:19]   Found foreign key: column module_oid references module(oid)
[11 nov 2018 20:31:19] Retrieving foreign keys for 'group_module' [type = TABLE]
[11 nov 2018 20:31:19]   Found foreign key: column group_oid references group(oid)
[11 nov 2018 20:31:19]   Found foreign key: column module_oid references module(oid)
[11 nov 2018 20:31:19] Retrieving foreign keys for 'maker' [type = TABLE]
[11 nov 2018 20:31:19] Retrieving foreign keys for 'model' [type = TABLE]
[11 nov 2018 20:31:19]   Found foreign key: column color_oid_2 references color(oid)
[11 nov 2018 20:31:19]   Found foreign key: column maker_oid_2 references maker(oid)
[11 nov 2018 20:31:19]   Found foreign key: column os_oid_2 references os(oid)
[11 nov 2018 20:31:19]   Found foreign key: column ram_oid_2 references ram(oid)
[11 nov 2018 20:31:19]   Found foreign key: column rom_oid_2 references rom(oid)
[11 nov 2018 20:31:19]   Found foreign key: column screen_oid_2 references screen(oid)
[11 nov 2018 20:31:19]   Found foreign key: column user_oid references user(oid)
[11 nov 2018 20:31:19] Retrieving foreign keys for 'module' [type = TABLE]
[11 nov 2018 20:31:19] Retrieving foreign keys for 'os' [type = TABLE]
[11 nov 2018 20:31:19] Retrieving foreign keys for 'ram' [type = TABLE]
[11 nov 2018 20:31:19] Retrieving foreign keys for 'rom' [type = TABLE]
[11 nov 2018 20:31:19] Retrieving foreign keys for 'screen' [type = TABLE]
[11 nov 2018 20:31:19] Retrieving foreign keys for 'user' [type = TABLE]
[11 nov 2018 20:31:19]   Found foreign key: column group_oid references group(oid)
[11 nov 2018 20:31:19] Retrieving foreign keys for 'user_group' [type = TABLE]
[11 nov 2018 20:31:19]   Found foreign key: column group_oid references group(oid)
[11 nov 2018 20:31:19]   Found foreign key: column user_oid references user(oid)
[11 nov 2018 20:31:19] Database metadata retrieved (88 ms)
[11 nov 2018 20:31:19] Retrieving auto-increment columns for 'color' [type = TABLE]
[11 nov 2018 20:31:19] Retrieving auto-increment columns for 'comment' [type = TABLE]
[11 nov 2018 20:31:19] Retrieving auto-increment columns for 'group' [type = TABLE]
[11 nov 2018 20:31:19] Retrieving auto-increment columns for 'group_module' [type = TABLE]
[11 nov 2018 20:31:19] Retrieving auto-increment columns for 'maker' [type = TABLE]
[11 nov 2018 20:31:19] Retrieving auto-increment columns for 'model' [type = TABLE]
[11 nov 2018 20:31:19] Retrieving auto-increment columns for 'module' [type = TABLE]
[11 nov 2018 20:31:19] Retrieving auto-increment columns for 'os' [type = TABLE]
[11 nov 2018 20:31:19] Retrieving auto-increment columns for 'ram' [type = TABLE]
[11 nov 2018 20:31:19] Retrieving auto-increment columns for 'rom' [type = TABLE]
[11 nov 2018 20:31:19] Retrieving auto-increment columns for 'screen' [type = TABLE]
[11 nov 2018 20:31:19] Retrieving auto-increment columns for 'user' [type = TABLE]
[11 nov 2018 20:31:19] Retrieving auto-increment columns for 'user_group' [type = TABLE]
[11 nov 2018 20:31:19] Database connection closed
